<?xml version="1.0" encoding="UTF-8"?>
<testsuite xmlns:xsi="http://www.w3.org/2001/XMLSchema-instance" xsi:noNamespaceSchemaLocation="https://maven.apache.org/surefire/maven-surefire-plugin/xsd/surefire-test-report.xsd" name="com.example.restaurant.RestaurantControllerTests" time="3.292" tests="2" errors="0" skipped="0" failures="0">
  <properties>
[...]
</properties>
  <testcase name="findAvailableRestaurants" classname="com.example.restaurant.RestaurantControllerTests" time="0.319"/>
  <testcase name="findCheapSushiPlaces" classname="com.example.restaurant.RestaurantControllerTests" time="0.07"/>
</testsuite>